0 info it worked if it ends with ok
1 verbose cli [ 'node', '/usr/local/bin/npm', 'install', 'angular-rate' ]
2 info using npm@2.10.1
3 info using node@v0.12.4
4 verbose install initial load of /Users/frikkiesnyman/Documents/Work/CapitalCraft/package.json
5 warn package.json capitalcraft@1.0.0 No repository field.
6 warn package.json capitalcraft@1.0.0 No license field.
7 verbose installManyTop reading scoped package data from /Users/frikkiesnyman/Documents/Work/CapitalCraft/node_modules/bower/package.json
8 verbose installManyTop reading scoped package data from /Users/frikkiesnyman/Documents/Work/CapitalCraft/node_modules/gulp/package.json
9 verbose installManyTop reading scoped package data from /Users/frikkiesnyman/Documents/Work/CapitalCraft/node_modules/gulp-concat/package.json
10 verbose installManyTop reading scoped package data from /Users/frikkiesnyman/Documents/Work/CapitalCraft/node_modules/gulp-minify-css/package.json
11 verbose installManyTop reading scoped package data from /Users/frikkiesnyman/Documents/Work/CapitalCraft/node_modules/gulp-rename/package.json
12 verbose installManyTop reading scoped package data from /Users/frikkiesnyman/Documents/Work/CapitalCraft/node_modules/gulp-sass/package.json
13 verbose installManyTop reading scoped package data from /Users/frikkiesnyman/Documents/Work/CapitalCraft/node_modules/gulp-util/package.json
14 verbose installManyTop reading scoped package data from /Users/frikkiesnyman/Documents/Work/CapitalCraft/node_modules/shelljs/package.json
15 info package.json bower@1.4.1 No license field.
16 info package.json gulp-rename@1.2.2 No license field.
17 info package.json gulp-util@2.2.20 No license field.
18 info package.json shelljs@0.3.0 license should be a valid SPDX license expression
19 info package.json gulp-minify-css@0.3.13 No license field.
20 verbose readDependencies loading dependencies from /Users/frikkiesnyman/Documents/Work/CapitalCraft/package.json
21 silly cache add args [ 'angular-rate', null ]
22 verbose cache add spec angular-rate
23 silly cache add parsed spec { raw: 'angular-rate',
23 silly cache add   scope: null,
23 silly cache add   name: 'angular-rate',
23 silly cache add   rawSpec: '',
23 silly cache add   spec: '*',
23 silly cache add   type: 'range' }
24 silly addNamed angular-rate@*
25 verbose addNamed "*" is a valid semver range for angular-rate
26 silly addNameRange { name: 'angular-rate', range: '*', hasData: false }
27 silly mapToRegistry name angular-rate
28 silly mapToRegistry using default registry
29 silly mapToRegistry registry https://registry.npmjs.org/
30 silly mapToRegistry uri https://registry.npmjs.org/angular-rate
31 verbose addNameRange registry:https://registry.npmjs.org/angular-rate not in flight; fetching
32 verbose request uri https://registry.npmjs.org/angular-rate
33 verbose request no auth needed
34 info attempt registry request try #1 at 8:04:56 PM
35 verbose request id 639bf61228bdb97d
36 http request GET https://registry.npmjs.org/angular-rate
37 http 404 https://registry.npmjs.org/angular-rate
38 verbose headers { 'content-type': 'application/json',
38 verbose headers   'cache-control': 'max-age=0',
38 verbose headers   'content-length': '2',
38 verbose headers   'accept-ranges': 'bytes',
38 verbose headers   date: 'Sat, 22 Aug 2015 18:04:57 GMT',
38 verbose headers   via: '1.1 varnish',
38 verbose headers   age: '0',
38 verbose headers   connection: 'keep-alive',
38 verbose headers   'x-served-by': 'cache-ams4125-AMS',
38 verbose headers   'x-cache': 'MISS',
38 verbose headers   'x-cache-hits': '0',
38 verbose headers   'x-timer': 'S1440266697.688637,VS0,VE109' }
39 silly get cb [ 404,
39 silly get   { 'content-type': 'application/json',
39 silly get     'cache-control': 'max-age=0',
39 silly get     'content-length': '2',
39 silly get     'accept-ranges': 'bytes',
39 silly get     date: 'Sat, 22 Aug 2015 18:04:57 GMT',
39 silly get     via: '1.1 varnish',
39 silly get     age: '0',
39 silly get     connection: 'keep-alive',
39 silly get     'x-served-by': 'cache-ams4125-AMS',
39 silly get     'x-cache': 'MISS',
39 silly get     'x-cache-hits': '0',
39 silly get     'x-timer': 'S1440266697.688637,VS0,VE109' } ]
40 verbose stack Error: Registry returned 404 for GET on https://registry.npmjs.org/angular-rate
40 verbose stack     at CachingRegistryClient.<anonymous> (/usr/local/lib/node_modules/npm/node_modules/npm-registry-client/lib/request.js:239:14)
40 verbose stack     at Request._callback (/usr/local/lib/node_modules/npm/node_modules/npm-registry-client/lib/request.js:170:14)
40 verbose stack     at Request.self.callback (/usr/local/lib/node_modules/npm/node_modules/request/request.js:368:22)
40 verbose stack     at Request.emit (events.js:110:17)
40 verbose stack     at Request.<anonymous> (/usr/local/lib/node_modules/npm/node_modules/request/request.js:1219:14)
40 verbose stack     at Request.emit (events.js:129:20)
40 verbose stack     at IncomingMessage.<anonymous> (/usr/local/lib/node_modules/npm/node_modules/request/request.js:1167:12)
40 verbose stack     at IncomingMessage.emit (events.js:129:20)
40 verbose stack     at _stream_readable.js:908:16
40 verbose stack     at process._tickCallback (node.js:355:11)
41 verbose statusCode 404
42 verbose pkgid angular-rate
43 verbose cwd /Users/frikkiesnyman/Documents/Work/CapitalCraft
44 error Darwin 14.4.0
45 error argv "node" "/usr/local/bin/npm" "install" "angular-rate"
46 error node v0.12.4
47 error npm  v2.10.1
48 error code E404
49 error 404 Registry returned 404 for GET on https://registry.npmjs.org/angular-rate
49 error 404
49 error 404 'angular-rate' is not in the npm registry.
49 error 404 You should bug the author to publish it (or use the name yourself!)
49 error 404 It was specified as a dependency of 'capitalcraft'
49 error 404
49 error 404 Note that you can also install from a
49 error 404 tarball, folder, http url, or git url.
50 verbose exit [ 1, true ]
